<?xml version="1.0" encoding="UTF-8"?>
<!-- Generated by org.testng.reporters.JUnitXMLReporter -->
<testsuite hostname="DESKTOP-UA48023" ignored="0" name="myTests" tests="6" failures="0" timestamp="11 Jan 2021 21:26:12 GMT" time="24.427" errors="0">
  <testcase name="wikipage" time="0.912" classname="GitDemo.WikiPageTestNG"/>
  <testcase name="mainPage" time="1.418" classname="GitDemo.WikiPageTestNG"/>
  <testcase name="wikipagedata" time="0.509" classname="GitDemo.Perametrization_xlsx"/>
  <testcase name="wikipagedata" time="0.53" classname="GitDemo.Perametrization_xlsx"/>
  <testcase name="wikipagedata" time="0.473" classname="GitDemo.Perametrization_xlsx"/>
  <testcase name="wikipagedata" time="0.447" classname="GitDemo.Perametrization_xlsx"/>
</testsuite> <!-- myTests -->
